2025-07-25 12:18:10 | INFO     | Sublist3r_Enhanced | _log_with_context:301 | [EnhancedLogger] Enhanced Logger initialized successfully
2025-07-25 12:18:10 | INFO     | Sublist3r_Enhanced | _log_with_context:301 | [Main] Global utilities initialized
2025-07-25 12:18:10 | INFO     | Sublist3r_Enhanced | _log_with_context:301 | [EnhancedLogger] Enhanced Logger initialized successfully
2025-07-25 12:18:10 | INFO     | Sublist3r_Enhanced | _log_with_context:301 | [Main] Global utilities initialized
2025-07-25 12:18:10 | INFO     | Sublist3r_Enhanced | _log_with_context:301 | [Main] Starting Sublist3r Enhanced | domain=github.com
2025-07-25 12:18:10 | INFO     | Sublist3r_Enhanced | _log_with_context:301 | [CertificateTransparency] Starting Certificate Transparency enumeration | domain=github.com
2025-07-25 12:18:10 | INFO     | Sublist3r_Enhanced | _log_with_context:301 | [CertificateTransparency] Querying endpoint | endpoint=https://crt.sh/?q=%.{domain}&output=json
2025-07-25 12:18:10 | INFO     | Sublist3r_Enhanced | _log_with_context:301 | [CertificateTransparency] Querying Certificate Transparency | url=https://crt.sh/?q=%.github.com&output=json
2025-07-25 12:18:35 | INFO     | Sublist3r_Enhanced | _log_with_context:301 | [CertificateTransparency] Certificates processed | total_certs=922 | domains_found=98
2025-07-25 12:18:35 | INFO     | Sublist3r_Enhanced | _log_with_context:301 | [CertificateTransparency] Endpoint completed | endpoint=?q=%.{domain}&output=json | certificates=922 | new_domains=98
2025-07-25 12:18:36 | INFO     | Sublist3r_Enhanced | _log_with_context:301 | [CertificateTransparency] Querying endpoint | endpoint=https://crt.sh/?q={domain}&output=json
2025-07-25 12:18:36 | INFO     | Sublist3r_Enhanced | _log_with_context:301 | [CertificateTransparency] Querying Certificate Transparency | url=https://crt.sh/?q=github.com&output=json
2025-07-25 12:18:37 | WARNING  | Sublist3r_Enhanced | _log_with_context:301 | [CertificateTransparency] API error | status_code=502
2025-07-25 12:18:37 | WARNING  | Sublist3r_Enhanced | _log_with_context:301 | [CertificateTransparency] No data from endpoint | endpoint=https://crt.sh/?q={domain}&output=json
2025-07-25 12:18:37 | INFO     | Sublist3r_Enhanced | _log_with_context:301 | [CertificateTransparency] Querying endpoint | endpoint=https://crt.sh/?q=%.%.{domain}&output=json
2025-07-25 12:18:37 | INFO     | Sublist3r_Enhanced | _log_with_context:301 | [CertificateTransparency] Querying Certificate Transparency | url=https://crt.sh/?q=%.%.github.com&output=json
2025-07-25 12:19:01 | INFO     | Sublist3r_Enhanced | _log_with_context:301 | [CertificateTransparency] Endpoint completed | endpoint=?q=%.%.{domain}&output=json | certificates=920 | new_domains=0
2025-07-25 12:19:02 | INFO     | Sublist3r_Enhanced | _log_with_context:301 | [CertificateTransparency] Certificate Transparency enumeration completed | found=98
2025-07-25 12:19:02 | INFO     | Sublist3r_Enhanced | _log_with_context:301 | [Main] Engine completed | engine=crt | found=98
2025-07-25 12:19:02 | INFO     | Sublist3r_Enhanced | _log_with_context:301 | [Main] Enumeration completed successfully | total_found=98 | time_elapsed=51.28796863555908
2025-07-25 12:19:02 | INFO     | Sublist3r_Enhanced | _log_with_context:301 | [Main] SUCCESS: Session completed | subdomains_found=98 | total_logs=18 | errors=0
