2025-07-25 12:19:24 | INFO     | Sublist3r_Enhanced | _log_with_context:301 | [EnhancedLogger] Enhanced Logger initialized successfully
2025-07-25 12:19:24 | INFO     | Sublist3r_Enhanced | _log_with_context:301 | [Main] Global utilities initialized
2025-07-25 12:19:24 | INFO     | Sublist3r_Enhanced | _log_with_context:301 | [EnhancedLogger] Enhanced Logger initialized successfully
2025-07-25 12:19:24 | INFO     | Sublist3r_Enhanced | _log_with_context:301 | [Main] Global utilities initialized
2025-07-25 12:19:24 | INFO     | Sublist3r_Enhanced | _log_with_context:301 | [Main] Starting Sublist3r Enhanced | domain=microsoft.com
2025-07-25 12:19:24 | INFO     | Sublist3r_Enhanced | _log_with_context:301 | [CertificateTransparency] Starting Certificate Transparency enumeration | domain=microsoft.com
2025-07-25 12:19:24 | INFO     | Sublist3r_Enhanced | _log_with_context:301 | [CertificateTransparency] Querying endpoint | endpoint=https://crt.sh/?q=%.{domain}&output=json
2025-07-25 12:19:24 | INFO     | Sublist3r_Enhanced | _log_with_context:301 | [CertificateTransparency] Querying Certificate Transparency | url=https://crt.sh/?q=%.microsoft.com&output=json
2025-07-25 12:19:56 | ERROR    | Sublist3r_Enhanced | _log_with_context:301 | [CertificateTransparency] Certificate Transparency request failed | error=HTTPSConnectionPool(host='crt.sh', port=443): Read timed out. (read timeout=30)
2025-07-25 12:19:56 | WARNING  | Sublist3r_Enhanced | _log_with_context:301 | [CertificateTransparency] No data from endpoint | endpoint=https://crt.sh/?q=%.{domain}&output=json
2025-07-25 12:19:56 | INFO     | Sublist3r_Enhanced | _log_with_context:301 | [CertificateTransparency] Querying endpoint | endpoint=https://crt.sh/?q={domain}&output=json
2025-07-25 12:19:56 | INFO     | Sublist3r_Enhanced | _log_with_context:301 | [CertificateTransparency] Querying Certificate Transparency | url=https://crt.sh/?q=microsoft.com&output=json
2025-07-25 12:20:26 | ERROR    | Sublist3r_Enhanced | _log_with_context:301 | [CertificateTransparency] Certificate Transparency request failed | error=HTTPSConnectionPool(host='crt.sh', port=443): Read timed out. (read timeout=30)
2025-07-25 12:20:26 | WARNING  | Sublist3r_Enhanced | _log_with_context:301 | [CertificateTransparency] No data from endpoint | endpoint=https://crt.sh/?q={domain}&output=json
2025-07-25 12:20:26 | INFO     | Sublist3r_Enhanced | _log_with_context:301 | [CertificateTransparency] Querying endpoint | endpoint=https://crt.sh/?q=%.%.{domain}&output=json
2025-07-25 12:20:26 | INFO     | Sublist3r_Enhanced | _log_with_context:301 | [CertificateTransparency] Querying Certificate Transparency | url=https://crt.sh/?q=%.%.microsoft.com&output=json
2025-07-25 12:20:56 | ERROR    | Sublist3r_Enhanced | _log_with_context:301 | [CertificateTransparency] Certificate Transparency request failed | error=HTTPSConnectionPool(host='crt.sh', port=443): Read timed out. (read timeout=30)
2025-07-25 12:20:56 | WARNING  | Sublist3r_Enhanced | _log_with_context:301 | [CertificateTransparency] No data from endpoint | endpoint=https://crt.sh/?q=%.%.{domain}&output=json
2025-07-25 12:20:56 | INFO     | Sublist3r_Enhanced | _log_with_context:301 | [CertificateTransparency] Certificate Transparency enumeration completed | found=0
2025-07-25 12:20:56 | INFO     | Sublist3r_Enhanced | _log_with_context:301 | [Main] Engine completed | engine=crt | found=0
2025-07-25 12:20:56 | INFO     | Sublist3r_Enhanced | _log_with_context:301 | [Main] Enumeration completed successfully | total_found=0 | time_elapsed=91.79519581794739
2025-07-25 12:20:56 | INFO     | Sublist3r_Enhanced | _log_with_context:301 | [Main] SUCCESS: Session completed | subdomains_found=0 | total_logs=19 | errors=3
