2025-07-25 13:44:52 | INFO     | JARVIS_Intelligence | _log_with_context:326 | [EnhancedLogger] Enhanced Logger initialized successfully
2025-07-25 13:44:52 | INFO     | JARVIS_Intelligence | _log_with_context:326 | [Main] Global utilities initialized
2025-07-25 13:44:52 | INFO     | JARVIS_Intelligence | _log_with_context:326 | [EnhancedLogger] Enhanced Logger initialized successfully
2025-07-25 13:44:52 | INFO     | JARVIS_Intelligence | _log_with_context:326 | [Main] Global utilities initialized
2025-07-25 13:44:52 | INFO     | JARVIS_Intelligence | _log_with_context:326 | [Main] Starting JARVIS Intelligence | domain=thales.com
2025-07-25 13:44:52 | INFO     | JARVIS_Intelligence | _log_with_context:326 | [CertificateTransparency] Starting Certificate Transparency enumeration | domain=thales.com
2025-07-25 13:44:52 | INFO     | JARVIS_Intelligence | _log_with_context:326 | [CertificateTransparency] Querying endpoint | endpoint=https://crt.sh/?q=%.{domain}&output=json
2025-07-25 13:44:52 | INFO     | JARVIS_Intelligence | _log_with_context:326 | [CertificateTransparency] Querying Certificate Transparency | url=https://crt.sh/?q=%.thales.com&output=json
2025-07-25 13:45:13 | INFO     | JARVIS_Intelligence | _log_with_context:326 | [CertificateTransparency] Certificates processed | total_certs=255 | domains_found=7
2025-07-25 13:45:13 | INFO     | JARVIS_Intelligence | _log_with_context:326 | [CertificateTransparency] Endpoint completed | endpoint=?q=%.{domain}&output=json | certificates=255 | new_domains=7
2025-07-25 13:45:14 | INFO     | JARVIS_Intelligence | _log_with_context:326 | [CertificateTransparency] Querying endpoint | endpoint=https://crt.sh/?q={domain}&output=json
2025-07-25 13:45:14 | INFO     | JARVIS_Intelligence | _log_with_context:326 | [CertificateTransparency] Querying Certificate Transparency | url=https://crt.sh/?q=thales.com&output=json
2025-07-25 13:45:44 | ERROR    | JARVIS_Intelligence | _log_with_context:326 | [CertificateTransparency] Certificate Transparency request failed | error=HTTPSConnectionPool(host='crt.sh', port=443): Read timed out. (read timeout=30)
2025-07-25 13:45:44 | WARNING  | JARVIS_Intelligence | _log_with_context:326 | [CertificateTransparency] No data from endpoint | endpoint=https://crt.sh/?q={domain}&output=json
2025-07-25 13:45:44 | INFO     | JARVIS_Intelligence | _log_with_context:326 | [CertificateTransparency] Querying endpoint | endpoint=https://crt.sh/?q=%.%.{domain}&output=json
2025-07-25 13:45:44 | INFO     | JARVIS_Intelligence | _log_with_context:326 | [CertificateTransparency] Querying Certificate Transparency | url=https://crt.sh/?q=%.%.thales.com&output=json
2025-07-25 13:46:03 | INFO     | JARVIS_Intelligence | _log_with_context:326 | [CertificateTransparency] Endpoint completed | endpoint=?q=%.%.{domain}&output=json | certificates=161 | new_domains=0
2025-07-25 13:46:04 | INFO     | JARVIS_Intelligence | _log_with_context:326 | [CertificateTransparency] Certificate Transparency enumeration completed | found=7
2025-07-25 13:46:04 | INFO     | JARVIS_Intelligence | _log_with_context:326 | [Main] Engine completed | engine=crt | found=7
2025-07-25 13:46:04 | INFO     | JARVIS_Intelligence | _log_with_context:326 | [DNSBruteForce] Starting DNS BruteForce enumeration | domain=thales.com
2025-07-25 13:46:04 | INFO     | JARVIS_Intelligence | _log_with_context:326 | [DNSBruteForce] Using default wordlist | size=99
2025-07-25 13:46:04 | INFO     | JARVIS_Intelligence | _log_with_context:326 | [DNSBruteForce] Wordlist loaded | total_words=99 | valid_words=99
2025-07-25 13:46:04 | INFO     | JARVIS_Intelligence | _log_with_context:326 | [DNSBruteForce] Starting DNS threads | threads=50 | wordlist_size=99
2025-07-25 13:46:04 | INFO     | JARVIS_Intelligence | _log_with_context:326 | [DNSBruteForce] DNS resolved | subdomain=www.thales.com | ip=199.60.103.226
2025-07-25 13:46:04 | INFO     | JARVIS_Intelligence | _log_with_context:326 | [DNSBruteForce] DNS resolved | subdomain=mail.thales.com | ip=142.250.201.179
2025-07-25 13:46:04 | INFO     | JARVIS_Intelligence | _log_with_context:326 | [DNSBruteForce] DNS resolved | subdomain=ftp.thales.com | ip=199.60.103.7
2025-07-25 13:46:04 | INFO     | JARVIS_Intelligence | _log_with_context:326 | [DNSBruteForce] DNS resolved | subdomain=help.thales.com | ip=199.60.103.30
2025-07-25 13:46:04 | INFO     | JARVIS_Intelligence | _log_with_context:326 | [DNSBruteForce] DNS resolved | subdomain=portal.thales.com | ip=64.74.235.19
2025-07-25 13:46:04 | INFO     | JARVIS_Intelligence | _log_with_context:326 | [DNSBruteForce] DNS resolved | subdomain=files.thales.com | ip=216.69.141.129
2025-07-25 13:46:04 | INFO     | JARVIS_Intelligence | _log_with_context:326 | [DNSBruteForce] DNS resolved | subdomain=email.thales.com | ip=76.223.17.250
2025-07-25 13:46:05 | INFO     | JARVIS_Intelligence | _log_with_context:326 | [DNSBruteForce] DNS progress | completed=50 | total=99 | found=7
2025-07-25 13:46:11 | INFO     | JARVIS_Intelligence | _log_with_context:326 | [DNSBruteForce] DNS BruteForce enumeration completed | tested=99 | found=7
2025-07-25 13:46:11 | INFO     | JARVIS_Intelligence | _log_with_context:326 | [Main] Engine completed | engine=dns | found=7
2025-07-25 13:46:11 | INFO     | JARVIS_Intelligence | _log_with_context:326 | [GooglePlaywright] Starting Playwright enumeration | domain=thales.com
2025-07-25 13:46:13 | INFO     | JARVIS_Intelligence | _log_with_context:326 | [GooglePlaywright] Navigating to URL | url=https://www.google.com/search?q=site:thales.com+-www.thales.com&num=100&start=0
2025-07-25 13:46:14 | INFO     | JARVIS_Intelligence | _log_with_context:326 | [GooglePlaywright] Page loaded successfully | content_length=305199 | title=site:thales.com -www.thales.com - Recherche Google
2025-07-25 13:46:14 | WARNING  | JARVIS_Intelligence | _log_with_context:326 | [GooglePlaywright] Possible blocking detected | indicator=please try again
2025-07-25 13:46:14 | INFO     | JARVIS_Intelligence | _log_with_context:326 | [GooglePlaywright] Playwright enumeration completed | found=0
2025-07-25 13:46:14 | INFO     | JARVIS_Intelligence | _log_with_context:326 | [Main] Engine completed | engine=google | found=0
2025-07-25 13:46:14 | INFO     | JARVIS_Intelligence | _log_with_context:326 | [Main] Enumeration completed successfully | total_found=12 | time_elapsed=82.07304835319519
2025-07-25 13:46:14 | INFO     | JARVIS_Intelligence | _log_with_context:326 | [Main] SUCCESS: Session completed | subdomains_found=12 | total_logs=38 | errors=1
