2025-07-25 12:57:13 | INFO     | Sublist3r_Enhanced | _log_with_context:301 | [EnhancedLogger] Enhanced Logger initialized successfully
2025-07-25 12:57:13 | INFO     | Sublist3r_Enhanced | _log_with_context:301 | [Main] Global utilities initialized
2025-07-25 12:57:13 | INFO     | Sublist3r_Enhanced | _log_with_context:301 | [EnhancedLogger] Enhanced Logger initialized successfully
2025-07-25 12:57:13 | INFO     | Sublist3r_Enhanced | _log_with_context:301 | [Main] Global utilities initialized
2025-07-25 12:57:13 | INFO     | Sublist3r_Enhanced | _log_with_context:301 | [Main] Starting Sublist3r Enhanced | domain=thales.com
2025-07-25 12:57:13 | INFO     | Sublist3r_Enhanced | _log_with_context:301 | [CertificateTransparency] Starting Certificate Transparency enumeration | domain=thales.com
2025-07-25 12:57:13 | INFO     | Sublist3r_Enhanced | _log_with_context:301 | [CertificateTransparency] Querying endpoint | endpoint=https://crt.sh/?q=%.{domain}&output=json
2025-07-25 12:57:13 | INFO     | Sublist3r_Enhanced | _log_with_context:301 | [CertificateTransparency] Querying Certificate Transparency | url=https://crt.sh/?q=%.thales.com&output=json
2025-07-25 12:57:15 | INFO     | Sublist3r_Enhanced | _log_with_context:301 | [CertificateTransparency] Certificates processed | total_certs=255 | domains_found=7
2025-07-25 12:57:15 | INFO     | Sublist3r_Enhanced | _log_with_context:301 | [CertificateTransparency] Endpoint completed | endpoint=?q=%.{domain}&output=json | certificates=255 | new_domains=7
2025-07-25 12:57:16 | INFO     | Sublist3r_Enhanced | _log_with_context:301 | [CertificateTransparency] Querying endpoint | endpoint=https://crt.sh/?q={domain}&output=json
2025-07-25 12:57:16 | INFO     | Sublist3r_Enhanced | _log_with_context:301 | [CertificateTransparency] Querying Certificate Transparency | url=https://crt.sh/?q=thales.com&output=json
2025-07-25 12:57:46 | ERROR    | Sublist3r_Enhanced | _log_with_context:301 | [CertificateTransparency] Certificate Transparency request failed | error=HTTPSConnectionPool(host='crt.sh', port=443): Read timed out. (read timeout=30)
2025-07-25 12:57:46 | WARNING  | Sublist3r_Enhanced | _log_with_context:301 | [CertificateTransparency] No data from endpoint | endpoint=https://crt.sh/?q={domain}&output=json
2025-07-25 12:57:46 | INFO     | Sublist3r_Enhanced | _log_with_context:301 | [CertificateTransparency] Querying endpoint | endpoint=https://crt.sh/?q=%.%.{domain}&output=json
2025-07-25 12:57:46 | INFO     | Sublist3r_Enhanced | _log_with_context:301 | [CertificateTransparency] Querying Certificate Transparency | url=https://crt.sh/?q=%.%.thales.com&output=json
2025-07-25 12:57:48 | INFO     | Sublist3r_Enhanced | _log_with_context:301 | [CertificateTransparency] Endpoint completed | endpoint=?q=%.%.{domain}&output=json | certificates=161 | new_domains=0
2025-07-25 12:57:49 | INFO     | Sublist3r_Enhanced | _log_with_context:301 | [CertificateTransparency] Certificate Transparency enumeration completed | found=7
2025-07-25 12:57:49 | INFO     | Sublist3r_Enhanced | _log_with_context:301 | [Main] Engine completed | engine=crt | found=7
2025-07-25 12:57:49 | INFO     | Sublist3r_Enhanced | _log_with_context:301 | [DNSBruteForce] Starting DNS BruteForce enumeration | domain=thales.com
2025-07-25 12:57:49 | INFO     | Sublist3r_Enhanced | _log_with_context:301 | [DNSBruteForce] Using default wordlist | size=99
2025-07-25 12:57:49 | INFO     | Sublist3r_Enhanced | _log_with_context:301 | [DNSBruteForce] Wordlist loaded | total_words=99 | valid_words=99
2025-07-25 12:57:49 | INFO     | Sublist3r_Enhanced | _log_with_context:301 | [DNSBruteForce] Starting DNS threads | threads=50 | wordlist_size=99
2025-07-25 12:57:49 | INFO     | Sublist3r_Enhanced | _log_with_context:301 | [DNSBruteForce] DNS resolved | subdomain=www.thales.com | ip=199.60.103.30
2025-07-25 12:57:49 | INFO     | Sublist3r_Enhanced | _log_with_context:301 | [DNSBruteForce] DNS resolved | subdomain=mail.thales.com | ip=142.250.201.179
2025-07-25 12:57:49 | INFO     | Sublist3r_Enhanced | _log_with_context:301 | [DNSBruteForce] DNS resolved | subdomain=ftp.thales.com | ip=199.60.103.7
2025-07-25 12:57:49 | INFO     | Sublist3r_Enhanced | _log_with_context:301 | [DNSBruteForce] DNS resolved | subdomain=portal.thales.com | ip=64.74.235.19
2025-07-25 12:57:49 | INFO     | Sublist3r_Enhanced | _log_with_context:301 | [DNSBruteForce] DNS resolved | subdomain=help.thales.com | ip=199.60.103.226
2025-07-25 12:57:49 | INFO     | Sublist3r_Enhanced | _log_with_context:301 | [DNSBruteForce] DNS resolved | subdomain=files.thales.com | ip=216.69.141.129
2025-07-25 12:57:49 | INFO     | Sublist3r_Enhanced | _log_with_context:301 | [DNSBruteForce] DNS resolved | subdomain=email.thales.com | ip=15.197.155.180
2025-07-25 12:57:50 | INFO     | Sublist3r_Enhanced | _log_with_context:301 | [DNSBruteForce] DNS progress | completed=50 | total=99 | found=7
2025-07-25 12:57:56 | INFO     | Sublist3r_Enhanced | _log_with_context:301 | [DNSBruteForce] DNS BruteForce enumeration completed | tested=99 | found=7
2025-07-25 12:57:56 | INFO     | Sublist3r_Enhanced | _log_with_context:301 | [Main] Engine completed | engine=dns | found=7
2025-07-25 12:57:56 | INFO     | Sublist3r_Enhanced | _log_with_context:301 | [FileWriter] Writing 12 subdomains to TXT format | filename=thales_results.txt
2025-07-25 12:57:56 | INFO     | Sublist3r_Enhanced | _log_with_context:301 | [Main] Enumeration completed successfully | total_found=12 | time_elapsed=42.63236951828003
2025-07-25 12:57:56 | INFO     | Sublist3r_Enhanced | _log_with_context:301 | [Main] SUCCESS: Session completed | subdomains_found=12 | total_logs=33 | errors=1
