2025-07-25 13:02:57 | INFO     | Sublist3r_Enhanced | _log_with_context:301 | [EnhancedLogger] Enhanced Logger initialized successfully
2025-07-25 13:02:57 | INFO     | Sublist3r_Enhanced | _log_with_context:301 | [Main] Global utilities initialized
2025-07-25 13:02:57 | INFO     | Sublist3r_Enhanced | _log_with_context:301 | [EnhancedLogger] Enhanced Logger initialized successfully
2025-07-25 13:02:57 | INFO     | Sublist3r_Enhanced | _log_with_context:301 | [Main] Global utilities initialized
2025-07-25 13:02:57 | INFO     | Sublist3r_Enhanced | _log_with_context:301 | [Main] Starting Sublist3r Enhanced | domain=thales.com
2025-07-25 13:02:57 | INFO     | Sublist3r_Enhanced | _log_with_context:301 | [CertificateTransparency] Starting Certificate Transparency enumeration | domain=thales.com
2025-07-25 13:02:57 | INFO     | Sublist3r_Enhanced | _log_with_context:301 | [CertificateTransparency] Querying endpoint | endpoint=https://crt.sh/?q=%.{domain}&output=json
2025-07-25 13:02:57 | INFO     | Sublist3r_Enhanced | _log_with_context:301 | [CertificateTransparency] Querying Certificate Transparency | url=https://crt.sh/?q=%.thales.com&output=json
2025-07-25 13:03:05 | INFO     | Sublist3r_Enhanced | _log_with_context:301 | [CertificateTransparency] Certificates processed | total_certs=255 | domains_found=7
2025-07-25 13:03:05 | INFO     | Sublist3r_Enhanced | _log_with_context:301 | [CertificateTransparency] Endpoint completed | endpoint=?q=%.{domain}&output=json | certificates=255 | new_domains=7
2025-07-25 13:03:06 | INFO     | Sublist3r_Enhanced | _log_with_context:301 | [CertificateTransparency] Querying endpoint | endpoint=https://crt.sh/?q={domain}&output=json
2025-07-25 13:03:06 | INFO     | Sublist3r_Enhanced | _log_with_context:301 | [CertificateTransparency] Querying Certificate Transparency | url=https://crt.sh/?q=thales.com&output=json
2025-07-25 13:03:30 | INFO     | Sublist3r_Enhanced | _log_with_context:301 | [CertificateTransparency] Endpoint completed | endpoint=?q={domain}&output=json | certificates=255 | new_domains=0
2025-07-25 13:03:31 | INFO     | Sublist3r_Enhanced | _log_with_context:301 | [CertificateTransparency] Querying endpoint | endpoint=https://crt.sh/?q=%.%.{domain}&output=json
2025-07-25 13:03:31 | INFO     | Sublist3r_Enhanced | _log_with_context:301 | [CertificateTransparency] Querying Certificate Transparency | url=https://crt.sh/?q=%.%.thales.com&output=json
2025-07-25 13:03:31 | WARNING  | Sublist3r_Enhanced | _log_with_context:301 | [CertificateTransparency] API error | status_code=502
2025-07-25 13:03:31 | WARNING  | Sublist3r_Enhanced | _log_with_context:301 | [CertificateTransparency] No data from endpoint | endpoint=https://crt.sh/?q=%.%.{domain}&output=json
2025-07-25 13:03:31 | INFO     | Sublist3r_Enhanced | _log_with_context:301 | [CertificateTransparency] Certificate Transparency enumeration completed | found=7
2025-07-25 13:03:31 | INFO     | Sublist3r_Enhanced | _log_with_context:301 | [Main] Engine completed | engine=crt | found=7
2025-07-25 13:03:31 | INFO     | Sublist3r_Enhanced | _log_with_context:301 | [DNSBruteForce] Starting DNS BruteForce enumeration | domain=thales.com
2025-07-25 13:03:31 | INFO     | Sublist3r_Enhanced | _log_with_context:301 | [DNSBruteForce] Using default wordlist | size=99
2025-07-25 13:03:31 | INFO     | Sublist3r_Enhanced | _log_with_context:301 | [DNSBruteForce] Wordlist loaded | total_words=99 | valid_words=99
2025-07-25 13:03:31 | INFO     | Sublist3r_Enhanced | _log_with_context:301 | [DNSBruteForce] Starting DNS threads | threads=50 | wordlist_size=99
2025-07-25 13:03:31 | INFO     | Sublist3r_Enhanced | _log_with_context:301 | [DNSBruteForce] DNS resolved | subdomain=ftp.thales.com | ip=199.60.103.107
2025-07-25 13:03:31 | INFO     | Sublist3r_Enhanced | _log_with_context:301 | [DNSBruteForce] DNS resolved | subdomain=portal.thales.com | ip=64.74.235.19
2025-07-25 13:03:31 | INFO     | Sublist3r_Enhanced | _log_with_context:301 | [DNSBruteForce] DNS resolved | subdomain=www.thales.com | ip=199.60.103.30
2025-07-25 13:03:31 | INFO     | Sublist3r_Enhanced | _log_with_context:301 | [DNSBruteForce] DNS resolved | subdomain=help.thales.com | ip=199.60.103.30
2025-07-25 13:03:31 | INFO     | Sublist3r_Enhanced | _log_with_context:301 | [DNSBruteForce] DNS resolved | subdomain=mail.thales.com | ip=172.217.20.179
2025-07-25 13:03:31 | INFO     | Sublist3r_Enhanced | _log_with_context:301 | [DNSBruteForce] DNS resolved | subdomain=files.thales.com | ip=216.69.141.129
2025-07-25 13:03:31 | INFO     | Sublist3r_Enhanced | _log_with_context:301 | [DNSBruteForce] DNS resolved | subdomain=email.thales.com | ip=15.197.155.180
2025-07-25 13:03:32 | INFO     | Sublist3r_Enhanced | _log_with_context:301 | [DNSBruteForce] DNS progress | completed=50 | total=99 | found=7
2025-07-25 13:03:38 | INFO     | Sublist3r_Enhanced | _log_with_context:301 | [DNSBruteForce] DNS BruteForce enumeration completed | tested=99 | found=7
2025-07-25 13:03:38 | INFO     | Sublist3r_Enhanced | _log_with_context:301 | [Main] Engine completed | engine=dns | found=7
2025-07-25 13:03:38 | INFO     | Sublist3r_Enhanced | _log_with_context:301 | [FileWriter] Writing 12 subdomains to JSON format | filename=thales_complete.json
2025-07-25 13:03:38 | INFO     | Sublist3r_Enhanced | _log_with_context:301 | [Main] Enumeration completed successfully | total_found=12 | time_elapsed=41.62779450416565
2025-07-25 13:03:38 | INFO     | Sublist3r_Enhanced | _log_with_context:301 | [Main] SUCCESS: Session completed | subdomains_found=12 | total_logs=33 | errors=0
