2025-07-25 12:22:41 | INFO     | Sublist3r_Enhanced | _log_with_context:301 | [EnhancedLogger] Enhanced Logger initialized successfully
2025-07-25 12:22:41 | INFO     | Sublist3r_Enhanced | _log_with_context:301 | [Main] Global utilities initialized
2025-07-25 12:22:41 | INFO     | Sublist3r_Enhanced | _log_with_context:301 | [EnhancedLogger] Enhanced Logger initialized successfully
2025-07-25 12:22:41 | INFO     | Sublist3r_Enhanced | _log_with_context:301 | [Main] Global utilities initialized
2025-07-25 12:22:41 | INFO     | Sublist3r_Enhanced | _log_with_context:301 | [Main] Starting Sublist3r Enhanced | domain=thales.com
2025-07-25 12:22:41 | INFO     | Sublist3r_Enhanced | _log_with_context:301 | [CertificateTransparency] Starting Certificate Transparency enumeration | domain=thales.com
2025-07-25 12:22:41 | INFO     | Sublist3r_Enhanced | _log_with_context:301 | [CertificateTransparency] Querying endpoint | endpoint=https://crt.sh/?q=%.{domain}&output=json
2025-07-25 12:22:41 | INFO     | Sublist3r_Enhanced | _log_with_context:301 | [CertificateTransparency] Querying Certificate Transparency | url=https://crt.sh/?q=%.thales.com&output=json
2025-07-25 12:22:56 | INFO     | Sublist3r_Enhanced | _log_with_context:301 | [CertificateTransparency] Certificates processed | total_certs=255 | domains_found=7
2025-07-25 12:22:56 | INFO     | Sublist3r_Enhanced | _log_with_context:301 | [CertificateTransparency] Endpoint completed | endpoint=?q=%.{domain}&output=json | certificates=255 | new_domains=7
2025-07-25 12:22:57 | INFO     | Sublist3r_Enhanced | _log_with_context:301 | [CertificateTransparency] Querying endpoint | endpoint=https://crt.sh/?q={domain}&output=json
2025-07-25 12:22:57 | INFO     | Sublist3r_Enhanced | _log_with_context:301 | [CertificateTransparency] Querying Certificate Transparency | url=https://crt.sh/?q=thales.com&output=json
2025-07-25 12:23:27 | ERROR    | Sublist3r_Enhanced | _log_with_context:301 | [CertificateTransparency] Certificate Transparency request failed | error=HTTPSConnectionPool(host='crt.sh', port=443): Read timed out. (read timeout=30)
2025-07-25 12:23:27 | WARNING  | Sublist3r_Enhanced | _log_with_context:301 | [CertificateTransparency] No data from endpoint | endpoint=https://crt.sh/?q={domain}&output=json
2025-07-25 12:23:27 | INFO     | Sublist3r_Enhanced | _log_with_context:301 | [CertificateTransparency] Querying endpoint | endpoint=https://crt.sh/?q=%.%.{domain}&output=json
2025-07-25 12:23:27 | INFO     | Sublist3r_Enhanced | _log_with_context:301 | [CertificateTransparency] Querying Certificate Transparency | url=https://crt.sh/?q=%.%.thales.com&output=json
2025-07-25 12:23:27 | WARNING  | Sublist3r_Enhanced | _log_with_context:301 | [CertificateTransparency] API error | status_code=502
2025-07-25 12:23:27 | WARNING  | Sublist3r_Enhanced | _log_with_context:301 | [CertificateTransparency] No data from endpoint | endpoint=https://crt.sh/?q=%.%.{domain}&output=json
2025-07-25 12:23:27 | INFO     | Sublist3r_Enhanced | _log_with_context:301 | [CertificateTransparency] Certificate Transparency enumeration completed | found=7
2025-07-25 12:23:27 | INFO     | Sublist3r_Enhanced | _log_with_context:301 | [Main] Engine completed | engine=crt | found=7
2025-07-25 12:23:27 | INFO     | Sublist3r_Enhanced | _log_with_context:301 | [Main] Enumeration completed successfully | total_found=7 | time_elapsed=45.98663687705994
2025-07-25 12:23:27 | INFO     | Sublist3r_Enhanced | _log_with_context:301 | [Main] SUCCESS: Session completed | subdomains_found=7 | total_logs=19 | errors=1
